TN:
SF:src\app\app.component.ts
FN:17,(anonymous_0)
FN:20,(anonymous_1)
FN:25,(anonymous_2)
FN:37,(anonymous_3)
FN:43,(anonymous_4)
FNF:5
FNH:2
FNDA:0,(anonymous_0)
FNDA:0,(anonymous_1)
FNDA:2,(anonymous_2)
FNDA:2,(anonymous_3)
FNDA:0,(anonymous_4)
DA:10,1
DA:12,2
DA:13,2
DA:14,2
DA:21,0
DA:22,0
DA:26,2
DA:27,2
DA:29,0
DA:30,0
DA:32,0
DA:33,0
DA:37,2
DA:38,2
DA:39,2
DA:40,2
DA:43,2
DA:44,0
DA:45,0
DA:46,0
DA:47,0
DA:48,0
DA:51,0
DA:52,0
DA:55,0
DA:56,0
DA:57,0
DA:60,0
DA:61,0
LF:29
LH:11
BRDA:26,0,0,2
BRDA:26,0,1,0
BRDA:29,1,0,0
BRDA:29,1,1,0
BRDA:32,2,0,0
BRDA:44,3,0,0
BRDA:46,4,0,0
BRDA:46,4,1,0
BRDA:46,5,0,0
BRDA:46,5,1,0
BRDA:55,6,0,0
BRDA:55,6,1,0
BRDA:55,7,0,0
BRDA:55,7,1,0
BRDA:55,7,2,0
BRF:15
BRH:1
end_of_record
TN:
SF:src\app\interceptors\interceptor-errors.service.ts
FN:12,(anonymous_0)
FN:13,(anonymous_1)
FN:16,(anonymous_2)
FN:32,(anonymous_3)
FNF:4
FNH:1
FNDA:1,(anonymous_0)
FNDA:0,(anonymous_1)
FNDA:0,(anonymous_2)
FNDA:0,(anonymous_3)
DA:10,1
DA:12,1
DA:14,0
DA:17,0
DA:18,0
DA:20,0
DA:22,0
DA:24,0
DA:25,0
DA:26,0
DA:28,0
DA:30,0
DA:32,0
LF:13
LH:2
BRDA:20,0,0,0
BRDA:20,0,1,0
BRDA:25,1,0,0
BRDA:25,1,1,0
BRF:4
BRH:0
end_of_record
TN:
SF:src\app\login\login.service.ts
FN:15,(anonymous_0)
FN:17,(anonymous_1)
FN:21,(anonymous_2)
FNF:3
FNH:1
FNDA:2,(anonymous_0)
FNDA:0,(anonymous_1)
FNDA:0,(anonymous_2)
DA:10,1
DA:12,2
DA:13,2
DA:15,2
DA:18,0
DA:22,0
LF:6
LH:4
BRF:0
BRH:0
end_of_record
TN:
SF:src\app\login\dialogtypesignup\dialogtypesignup.component.ts
FN:10,(anonymous_0)
FN:12,(anonymous_1)
FN:16,(anonymous_2)
FNF:3
FNH:2
FNDA:1,(anonymous_0)
FNDA:0,(anonymous_1)
FNDA:1,(anonymous_2)
DA:8,1
DA:13,0
LF:2
LH:1
BRF:0
BRH:0
end_of_record
TN:
SF:src\app\login\login-page\login-page.component.ts
FN:22,(anonymous_0)
FN:34,(anonymous_1)
FN:39,(anonymous_2)
FN:51,(anonymous_3)
FN:57,(anonymous_4)
FN:60,(anonymous_5)
FN:66,(anonymous_6)
FN:67,(anonymous_7)
FN:75,(anonymous_8)
FN:78,(anonymous_9)
FN:84,(anonymous_10)
FN:85,(anonymous_11)
FN:92,(anonymous_12)
FN:96,(anonymous_13)
FN:99,(anonymous_14)
FN:105,(anonymous_15)
FNF:16
FNH:3
FNDA:1,(anonymous_0)
FNDA:0,(anonymous_1)
FNDA:1,(anonymous_2)
FNDA:0,(anonymous_3)
FNDA:0,(anonymous_4)
FNDA:0,(anonymous_5)
FNDA:0,(anonymous_6)
FNDA:0,(anonymous_7)
FNDA:0,(anonymous_8)
FNDA:0,(anonymous_9)
FNDA:0,(anonymous_10)
FNDA:0,(anonymous_11)
FNDA:0,(anonymous_12)
FNDA:0,(anonymous_13)
FNDA:0,(anonymous_14)
FNDA:1,(anonymous_15)
DA:16,1
DA:19,1
DA:23,1
DA:24,1
DA:25,1
DA:26,1
DA:27,1
DA:28,1
DA:30,1
DA:31,1
DA:35,0
DA:36,0
DA:40,1
DA:41,0
DA:43,1
DA:44,0
DA:46,1
DA:47,0
DA:52,0
DA:54,0
DA:55,0
DA:57,0
DA:58,0
DA:60,0
DA:61,0
DA:63,0
DA:64,0
DA:67,0
DA:68,0
DA:73,0
DA:75,0
DA:76,0
DA:78,0
DA:79,0
DA:81,0
DA:82,0
DA:85,0
DA:86,0
DA:93,0
DA:97,0
DA:99,0
DA:100,0
DA:102,0
DA:106,1
LF:44
LH:14
BRDA:40,0,0,0
BRDA:40,0,1,1
BRDA:43,1,0,0
BRDA:43,1,1,1
BRDA:46,2,0,0
BRDA:54,3,0,0
BRDA:54,3,1,0
BRF:7
BRH:2
end_of_record
TN:
SF:src\app\principal\principal-page\principal-page.component.ts
FN:10,(anonymous_0)
FN:12,(anonymous_1)
FNF:2
FNH:2
FNDA:1,(anonymous_0)
FNDA:1,(anonymous_1)
DA:8,1
LF:1
LH:1
BRF:0
BRH:0
end_of_record
TN:
SF:src\app\profile\profile.service.ts
FN:14,(anonymous_0)
FN:16,(anonymous_1)
FN:20,(anonymous_2)
FNF:3
FNH:1
FNDA:2,(anonymous_0)
FNDA:0,(anonymous_1)
FNDA:0,(anonymous_2)
DA:10,1
DA:11,2
DA:14,2
DA:17,0
DA:21,0
LF:5
LH:3
BRF:0
BRH:0
end_of_record
TN:
SF:src\app\profile\profile-create\profile-create.component.ts
FN:19,(anonymous_0)
FN:24,(anonymous_1)
FN:25,(anonymous_2)
FN:33,(anonymous_3)
FN:34,(anonymous_4)
FN:43,(anonymous_5)
FNF:6
FNH:2
FNDA:1,(anonymous_0)
FNDA:0,(anonymous_1)
FNDA:0,(anonymous_2)
FNDA:0,(anonymous_3)
FNDA:0,(anonymous_4)
FNDA:1,(anonymous_5)
DA:14,1
DA:17,1
DA:19,1
DA:20,1
DA:21,1
DA:22,1
DA:25,0
DA:26,0
DA:27,0
DA:28,0
DA:34,0
DA:35,0
DA:36,0
DA:37,0
DA:44,1
LF:15
LH:7
BRF:0
BRH:0
end_of_record
TN:
SF:src\app\project\project.service.ts
FN:16,(anonymous_0)
FN:18,(anonymous_1)
FN:24,(anonymous_2)
FN:28,(anonymous_3)
FNF:4
FNH:2
FNDA:3,(anonymous_0)
FNDA:0,(anonymous_1)
FNDA:4,(anonymous_2)
FNDA:0,(anonymous_3)
DA:11,1
DA:12,3
DA:13,3
DA:14,3
DA:16,3
DA:19,0
DA:20,0
DA:25,4
DA:29,0
LF:9
LH:6
BRF:0
BRH:0
end_of_record
TN:
SF:src\app\project\project-create\project-create.component.ts
FN:25,(anonymous_0)
FN:35,(anonymous_1)
FN:36,(anonymous_2)
FN:46,(anonymous_3)
FN:48,(anonymous_4)
FNF:5
FNH:2
FNDA:1,(anonymous_0)
FNDA:0,(anonymous_1)
FNDA:0,(anonymous_2)
FNDA:0,(anonymous_3)
FNDA:1,(anonymous_4)
DA:15,1
DA:18,1
DA:19,1
DA:20,1
DA:25,1
DA:26,1
DA:27,1
DA:28,1
DA:36,0
DA:37,0
DA:38,0
DA:39,0
DA:40,0
DA:46,0
DA:49,1
LF:15
LH:9
BRF:0
BRH:0
end_of_record
TN:
SF:src\app\project\project-list\project-list.component.ts
FN:17,(anonymous_0)
FN:20,(anonymous_1)
FN:21,(anonymous_2)
FN:27,(anonymous_3)
FN:29,(anonymous_4)
FNF:5
FNH:4
FNDA:2,(anonymous_0)
FNDA:4,(anonymous_1)
FNDA:0,(anonymous_2)
FNDA:2,(anonymous_3)
FNDA:2,(anonymous_4)
DA:12,1
DA:14,2
DA:17,2
DA:21,4
DA:22,0
DA:28,2
DA:29,2
DA:31,2
LF:8
LH:7
BRF:0
BRH:0
end_of_record
TN:
SF:src\app\signup\signup.service.ts
FN:16,(anonymous_0)
FN:18,(anonymous_1)
FN:22,(anonymous_2)
FNF:3
FNH:1
FNDA:3,(anonymous_0)
FNDA:0,(anonymous_1)
FNDA:0,(anonymous_2)
DA:11,1
DA:13,3
DA:14,3
DA:16,3
DA:19,0
DA:23,0
LF:6
LH:4
BRF:0
BRH:0
end_of_record
TN:
SF:src\app\signup\dialogalertopappli\dialogalertopappli.component.ts
FN:12,(anonymous_0)
FN:14,(anonymous_1)
FNF:2
FNH:2
FNDA:1,(anonymous_0)
FNDA:1,(anonymous_1)
DA:8,1
LF:1
LH:1
BRF:0
BRH:0
end_of_record
TN:
SF:src\app\signup\dialogalertopcomp\dialogalertopcomp.component.ts
FN:12,(anonymous_0)
FN:14,(anonymous_1)
FNF:2
FNH:2
FNDA:1,(anonymous_0)
FNDA:1,(anonymous_1)
DA:8,1
LF:1
LH:1
BRF:0
BRH:0
end_of_record
TN:
SF:src\app\signup\signup-applicant\signup-applicant.component.ts
FN:24,(anonymous_0)
FN:29,(anonymous_1)
FN:33,(anonymous_2)
FN:34,(anonymous_3)
FN:39,(anonymous_4)
FN:44,(anonymous_5)
FN:50,(anonymous_6)
FN:56,(anonymous_7)
FNF:8
FNH:2
FNDA:1,(anonymous_0)
FNDA:0,(anonymous_1)
FNDA:0,(anonymous_2)
FNDA:0,(anonymous_3)
FNDA:0,(anonymous_4)
FNDA:0,(anonymous_5)
FNDA:0,(anonymous_6)
FNDA:1,(anonymous_7)
DA:13,1
DA:16,1
DA:17,1
DA:18,1
DA:19,1
DA:20,1
DA:21,1
DA:22,1
DA:24,1
DA:25,1
DA:26,1
DA:30,0
DA:34,0
DA:35,0
DA:36,0
DA:37,0
DA:40,0
DA:45,0
DA:48,0
DA:50,0
DA:51,0
DA:53,0
DA:57,1
LF:23
LH:12
BRF:0
BRH:0
end_of_record
TN:
SF:src\app\signup\signup-company\signup-company.component.ts
FN:23,(anonymous_0)
FN:27,(anonymous_1)
FN:28,(anonymous_2)
FN:33,(anonymous_3)
FN:38,(anonymous_4)
FN:44,(anonymous_5)
FN:50,(anonymous_6)
FN:54,(anonymous_7)
FNF:8
FNH:2
FNDA:1,(anonymous_0)
FNDA:0,(anonymous_1)
FNDA:0,(anonymous_2)
FNDA:0,(anonymous_3)
FNDA:0,(anonymous_4)
FNDA:0,(anonymous_5)
FNDA:0,(anonymous_6)
FNDA:1,(anonymous_7)
DA:13,1
DA:16,1
DA:17,1
DA:18,1
DA:19,1
DA:20,1
DA:21,1
DA:23,1
DA:24,1
DA:25,1
DA:28,0
DA:29,0
DA:30,0
DA:31,0
DA:34,0
DA:39,0
DA:42,0
DA:44,0
DA:45,0
DA:47,0
DA:51,0
DA:55,1
LF:22
LH:11
BRF:0
BRH:0
end_of_record
TN:
SF:src\environments\environment.ts
FNF:0
FNH:0
DA:5,1
DA:6,1
DA:8,1
DA:9,1
DA:11,1
LF:5
LH:5
BRF:0
BRH:0
end_of_record
